<?xml version="1.0" encoding="utf-8"?><testsuites name="pytest tests"><testsuite name="pytest" errors="0" failures="0" skipped="0" tests="19" time="1.772" timestamp="2026-08-09T09:37:28.600482+00:00" hostname="agent-env-0c501474-a43e-49d5-8025-f1fe18914f58"><testcase classname="tests.test_case_management.TestRegressionAuth" name="test_otp_login_still_works" time="0.216" /><testcase classname="tests.test_case_management.TestRegressionAuth" name="test_google_session_invalid_returns_401" time="0.139" /><testcase classname="tests.test_case_management.TestRegressionAuth" name="test_referral_me" time="0.046" /><testcase classname="tests.test_case_management.TestRegressionAuth" name="test_referral_reward_plus_10" time="0.244" /><testcase classname="tests.test_case_management.TestCatalogAdditions" name="test_laws_include_family_and_property" time="0.044" /><testcase classname="tests.test_case_management.TestCatalogAdditions" name="test_family_related_sections_are_HMA" time="0.047" /><testcase classname="tests.test_case_management.TestCatalogAdditions" name="test_case_types_include_new_ids" time="0.041" /><testcase classname="tests.test_case_management.TestCaseCRUD" name="test_create_case_active_and_zero_count" time="0.048" /><testcase classname="tests.test_case_management.TestCaseCRUD" name="test_create_criminal_case_gu_labels" time="0.091" /><testcase classname="tests.test_case_management.TestCaseCRUD" name="test_get_case_enriched" time="0.044" /><testcase classname="tests.test_case_management.TestCaseCRUD" name="test_list_filter_by_category_civil" time="0.044" /><testcase classname="tests.test_case_management.TestCaseCRUD" name="test_list_filter_by_category_criminal" time="0.048" /><testcase classname="tests.test_case_management.TestCaseCRUD" name="test_search_q_matches_nickname" time="0.047" /><testcase classname="tests.test_case_management.TestCaseCRUD" name="test_search_q_matches_case_type_label" time="0.044" /><testcase classname="tests.test_case_management.TestCaseCRUD" name="test_update_case_nickname" time="0.090" /><testcase classname="tests.test_case_management.TestCaseCRUD" name="test_archive_hides_from_active" time="0.134" /><testcase classname="tests.test_case_management.TestCaseCRUD" name="test_restore_case" time="0.092" /><testcase classname="tests.test_case_management.TestCaseCRUD" name="test_delete_case_returns_200_and_404_after" time="0.178" /><testcase classname="tests.test_case_management.TestCaseCRUD" name="test_other_case_type_custom_label" time="0.050" /></testsuite></testsuites>