<?xml version="1.0" encoding="utf-8"?><testsuites name="pytest tests"><testsuite name="pytest" errors="0" failures="0" skipped="0" tests="16" time="5.997" timestamp="2026-08-09T12:17:07.983120+00:00" hostname="agent-env-0c501474-a43e-49d5-8025-f1fe18914f58"><testcase classname="tests.test_document_engine.TestBlocksClassification" name="test_gu_adjournment_points_not_bold" time="0.453" /><testcase classname="tests.test_document_engine.TestBlocksClassification" name="test_en_affidavit_headings" time="0.093" /><testcase classname="tests.test_document_engine.TestPdfGeneration" name="test_gu_pdf_has_gujarati_text" time="0.111" /><testcase classname="tests.test_document_engine.TestPdfGeneration" name="test_en_pdf_ok" time="0.110" /><testcase classname="tests.test_document_engine.TestDocxGeneration" name="test_gu_docx_paragraphs_and_font" time="0.135" /><testcase classname="tests.test_document_engine.TestDocxGeneration" name="test_en_docx_font_times" time="0.134" /><testcase classname="tests.test_document_engine.TestPdfDocxConsistency" name="test_same_text_content" time="0.420" /><testcase classname="tests.test_document_engine.TestCertifiedCopyOptional" name="test_without_order_date" time="0.304" /><testcase classname="tests.test_document_engine.TestCertifiedCopyOptional" name="test_with_order_date" time="0.304" /><testcase classname="tests.test_document_engine.TestCertifiedCopyOptional" name="test_field_marked_optional_in_catalog" time="0.283" /><testcase classname="tests.test_document_engine.TestCreditSafety" name="test_preview_no_credit_deduct" time="0.483" /><testcase classname="tests.test_document_engine.TestCreditSafety" name="test_download_deducts_exactly_one" time="0.707" /><testcase classname="tests.test_document_engine.TestCreditSafety" name="test_insufficient_balance_402" time="1.023" /><testcase classname="tests.test_document_engine.TestRegression" name="test_google_invalid_401" time="0.205" /><testcase classname="tests.test_document_engine.TestRegression" name="test_referral_plus_10" time="0.718" /><testcase classname="tests.test_document_engine.TestRegression" name="test_template_list_and_search" time="0.394" /></testsuite></testsuites>