<?xml version="1.0" encoding="utf-8"?><testsuites name="pytest tests"><testsuite name="pytest" errors="0" failures="0" skipped="0" tests="29" time="3.050" timestamp="2026-08-09T09:55:44.628671+00:00" hostname="agent-env-0c501474-a43e-49d5-8025-f1fe18914f58"><testcase classname="tests.test_iter4_features.TestTemplatesExpanded" name="test_23_templates_available" time="0.253" /><testcase classname="tests.test_iter4_features.TestTemplatesExpanded" name="test_alias_vakalat" time="0.044" /><testcase classname="tests.test_iter4_features.TestTemplatesExpanded" name="test_alias_mudat_adjournment" time="0.048" /><testcase classname="tests.test_iter4_features.TestTemplatesExpanded" name="test_alias_condonation" time="0.045" /><testcase classname="tests.test_iter4_features.TestTemplatesExpanded" name="test_alias_injunction" time="0.046" /><testcase classname="tests.test_iter4_features.TestTemplatesExpanded" name="test_gujarati_vilamb_condonation" time="0.047" /><testcase classname="tests.test_iter4_features.TestTemplatesExpanded" name="test_new_template_details[vakalatnama]" time="0.044" /><testcase classname="tests.test_iter4_features.TestTemplatesExpanded" name="test_new_template_details[restoration]" time="0.045" /><testcase classname="tests.test_iter4_features.TestTemplatesExpanded" name="test_new_template_details[condonation_delay]" time="0.044" /><testcase classname="tests.test_iter4_features.TestTemplatesExpanded" name="test_new_template_details[interim_injunction]" time="0.047" /><testcase classname="tests.test_iter4_features.TestTemplatesExpanded" name="test_new_template_details[compromise]" time="0.043" /><testcase classname="tests.test_iter4_features.TestTemplatesExpanded" name="test_new_template_details[withdrawal]" time="0.043" /><testcase classname="tests.test_iter4_features.TestTemplatesExpanded" name="test_new_template_details[amendment]" time="0.042" /><testcase classname="tests.test_iter4_features.TestTemplatesExpanded" name="test_new_template_details[surety]" time="0.045" /><testcase classname="tests.test_iter4_features.TestTemplatesExpanded" name="test_new_template_details[early_hearing]" time="0.042" /><testcase classname="tests.test_iter4_features.TestTemplatesExpanded" name="test_new_template_details[return_documents]" time="0.044" /><testcase classname="tests.test_iter4_features.TestTemplatesExpanded" name="test_new_template_details[inspection]" time="0.052" /><testcase classname="tests.test_iter4_features.TestCatalogCourtsAndPolice" name="test_courts_ahmedabad_specific_plus_generic" time="0.046" /><testcase classname="tests.test_iter4_features.TestCatalogCourtsAndPolice" name="test_courts_all_no_filter" time="0.043" /><testcase classname="tests.test_iter4_features.TestCatalogCourtsAndPolice" name="test_police_stations_surat_only" time="0.043" /><testcase classname="tests.test_iter4_features.TestCaseCourtPoliceLabels" name="test_case_with_court_and_police_ids_returns_labels_en" time="0.268" /><testcase classname="tests.test_iter4_features.TestCaseCourtPoliceLabels" name="test_case_gujarati_labels" time="0.135" /><testcase classname="tests.test_iter4_features.TestCaseCourtPoliceLabels" name="test_court_other_uses_custom" time="0.092" /><testcase classname="tests.test_iter4_features.TestCaseCourtPoliceLabels" name="test_generated_document_contains_court_name" time="0.143" /><testcase classname="tests.test_iter4_features.TestCaseSorting" name="test_sort_name_and_type" time="0.414" /><testcase classname="tests.test_iter4_features.TestCaseSorting" name="test_sort_with_category_filter" time="0.045" /><testcase classname="tests.test_iter4_features.TestRegression" name="test_google_invalid_session_401" time="0.138" /><testcase classname="tests.test_iter4_features.TestRegression" name="test_referral_plus_10_on_new_signup" time="0.350" /><testcase classname="tests.test_iter4_features.TestRegression" name="test_case_archive_restore_delete" time="0.261" /></testsuite></testsuites>