<?xml version="1.0" encoding="utf-8"?><testsuites name="pytest tests"><testsuite name="pytest" errors="0" failures="0" skipped="0" tests="31" time="2.822" timestamp="2026-08-09T09:03:30.910281+00:00" hostname="agent-env-0c501474-a43e-49d5-8025-f1fe18914f58"><testcase classname="tests.test_nyaysetu_api.TestHealth" name="test_root" time="0.150" /><testcase classname="tests.test_nyaysetu_api.TestAuth" name="test_send_otp_short_mobile" time="0.044" /><testcase classname="tests.test_nyaysetu_api.TestAuth" name="test_send_otp_ok" time="0.044" /><testcase classname="tests.test_nyaysetu_api.TestAuth" name="test_verify_new_and_existing" time="0.087" /><testcase classname="tests.test_nyaysetu_api.TestAuth" name="test_verify_bad_otp" time="0.042" /><testcase classname="tests.test_nyaysetu_api.TestAuth" name="test_protected_requires_auth" time="0.045" /><testcase classname="tests.test_nyaysetu_api.TestProfile" name="test_me" time="0.167" /><testcase classname="tests.test_nyaysetu_api.TestProfile" name="test_update" time="0.044" /><testcase classname="tests.test_nyaysetu_api.TestCatalog" name="test_case_types" time="0.043" /><testcase classname="tests.test_nyaysetu_api.TestCatalog" name="test_laws_and_sections" time="0.127" /><testcase classname="tests.test_nyaysetu_api.TestCatalog" name="test_districts" time="0.042" /><testcase classname="tests.test_nyaysetu_api.TestCatalog" name="test_plans" time="0.042" /><testcase classname="tests.test_nyaysetu_api.TestCatalog" name="test_quote" time="0.042" /><testcase classname="tests.test_nyaysetu_api.TestCases" name="test_case_crud_flow" time="0.176" /><testcase classname="tests.test_nyaysetu_api.TestCases" name="test_delete_case" time="0.139" /><testcase classname="tests.test_nyaysetu_api.TestTemplates" name="test_list" time="0.041" /><testcase classname="tests.test_nyaysetu_api.TestTemplates" name="test_multilingual_alias_mudat" time="0.083" /><testcase classname="tests.test_nyaysetu_api.TestTemplates" name="test_category_filter" time="0.041" /><testcase classname="tests.test_nyaysetu_api.TestTemplates" name="test_get_template" time="0.042" /><testcase classname="tests.test_nyaysetu_api.TestApplications" name="test_preview_english" time="0.045" /><testcase classname="tests.test_nyaysetu_api.TestApplications" name="test_preview_gujarati" time="0.043" /><testcase classname="tests.test_nyaysetu_api.TestApplications" name="test_download_pdf_and_credit_consumed" time="0.134" /><testcase classname="tests.test_nyaysetu_api.TestApplications" name="test_download_docx" time="0.071" /><testcase classname="tests.test_nyaysetu_api.TestApplications" name="test_402_when_wallet_empty" time="0.361" /><testcase classname="tests.test_nyaysetu_api.TestWalletPurchase" name="test_mock_purchase_updates_balance" time="0.181" /><testcase classname="tests.test_nyaysetu_api.TestWalletPurchase" name="test_transactions_list" time="0.047" /><testcase classname="tests.test_nyaysetu_api.TestWalletPurchase" name="test_bad_plan" time="0.042" /><testcase classname="tests.test_nyaysetu_api.TestDrafts" name="test_draft_upsert_and_list" time="0.178" /><testcase classname="tests.test_nyaysetu_api.TestDrafts" name="test_draft_deleted_after_download" time="0.131" /><testcase classname="tests.test_nyaysetu_api.TestSearch" name="test_global_search" time="0.043" /><testcase classname="tests.test_nyaysetu_api.TestSearch" name="test_search_multilingual" time="0.042" /></testsuite></testsuites>