<?xml version="1.0" encoding="utf-8"?><testsuites name="pytest tests"><testsuite name="pytest" errors="0" failures="0" skipped="0" tests="9" time="2.185" timestamp="2026-08-09T09:18:31.118684+00:00" hostname="agent-env-0c501474-a43e-49d5-8025-f1fe18914f58"><testcase classname="tests.test_referral_google.TestReferral" name="test_new_otp_user_has_referral_code" time="0.304" /><testcase classname="tests.test_referral_google.TestReferral" name="test_referral_grants_reward_and_no_double" time="0.412" /><testcase classname="tests.test_referral_google.TestReferral" name="test_self_referral_no_op" time="0.249" /><testcase classname="tests.test_referral_google.TestReferral" name="test_invalid_referral_code_ignored" time="0.164" /><testcase classname="tests.test_referral_google.TestReferral" name="test_referral_me_endpoint" time="0.398" /><testcase classname="tests.test_referral_google.TestGoogleAuth" name="test_invalid_session_id_returns_401" time="0.169" /><testcase classname="tests.test_referral_google.TestGoogleAuth" name="test_missing_session_id_returns_422" time="0.041" /><testcase classname="tests.test_referral_google.TestRegression" name="test_wallet_and_profile_still_work" time="0.204" /><testcase classname="tests.test_referral_google.TestRegression" name="test_template_and_download_still_work" time="0.172" /></testsuite></testsuites>